[03:17:25] [Render thread/ERROR]: Can't find the resource index file: C:\Users\titi\programacion\MCL\.minecraft\assets\indexes\3.json
[03:17:25] [Render thread/INFO]: Environment: authHost='https://authserver.mojang.com', accountsHost='https://api.mojang.com', sessionHost='https://sessionserver.mojang.com', servicesHost='https://api.minecraftservices.com', name='PROD'
[03:17:25] [Render thread/ERROR]: Failed to verify authentication
com.mojang.authlib.exceptions.AuthenticationUnavailableException: Cannot contact authentication server
	at com.mojang.authlib.yggdrasil.YggdrasilAuthenticationService.makeRequest(YggdrasilAuthenticationService.java:125) ~[authlib-2.1.28.jar:?]
	at com.mojang.authlib.yggdrasil.YggdrasilSocialInteractionsService.checkPrivileges(YggdrasilSocialInteractionsService.java:94) ~[authlib-2.1.28.jar:?]
	at com.mojang.authlib.yggdrasil.YggdrasilSocialInteractionsService.<init>(YggdrasilSocialInteractionsService.java:40) ~[authlib-2.1.28.jar:?]
	at com.mojang.authlib.yggdrasil.YggdrasilAuthenticationService.createSocialInteractionsService(YggdrasilAuthenticationService.java:152) ~[authlib-2.1.28.jar:?]
	at djz.a(SourceFile:625) [1.16.5.jar:?]
	at djz.<init>(SourceFile:409) [1.16.5.jar:?]
	at net.minecraft.client.main.Main.main(SourceFile:177) [1.16.5.jar:?]
Caused by: java.io.IOException: Server returned HTTP response code: 401 for URL: https://api.minecraftservices.com/privileges
	at sun.net.www.protocol.http.HttpURLConnection.getInputStream0(HttpURLConnection.java:1993) ~[?:?]
	at sun.net.www.protocol.http.HttpURLConnection.getInputStream(HttpURLConnection.java:1585) ~[?:?]
	at sun.net.www.protocol.https.HttpsURLConnectionImpl.getInputStream(HttpsURLConnectionImpl.java:224) ~[?:?]
	at com.mojang.authlib.HttpAuthenticationService.performGetRequest(HttpAuthenticationService.java:140) ~[authlib-2.1.28.jar:?]
	at com.mojang.authlib.yggdrasil.YggdrasilAuthenticationService.makeRequest(YggdrasilAuthenticationService.java:104) ~[authlib-2.1.28.jar:?]
	... 6 more
[03:17:25] [Render thread/INFO]: Setting user: guest
[03:17:25] [Render thread/INFO]: Backend library: LWJGL version 3.2.1 build 12
[03:17:25] [Render thread/INFO]: [STDERR]: [LWJGL] Failed to load a library. Possible solutions:
	a) Add the directory that contains the shared library to -Djava.library.path or -Dorg.lwjgl.librarypath.
	b) Add the JAR that contains the shared library to the classpath.
[03:17:25] [Render thread/INFO]: [STDERR]: [LWJGL] Enable debug mode with -Dorg.lwjgl.util.Debug=true for better diagnostics.
[03:17:25] [Render thread/INFO]: [STDERR]: [LWJGL] Enable the SharedLibraryLoader debug mode with -Dorg.lwjgl.util.DebugLoader=true for better diagnostics.
